[debug] [2024-09-07T12:29:56.009Z] ----------------------------------------------------------------------
[debug] [2024-09-07T12:29:56.017Z] Command:       C:\Program Files\nodejs\node.exe C:\Users\Manav's PC\AppData\Roaming\npm\node_modules\firebase-tools\lib\bin\firebase.js init
[debug] [2024-09-07T12:29:56.019Z] CLI Version:   13.8.3
[debug] [2024-09-07T12:29:56.020Z] Platform:      win32
[debug] [2024-09-07T12:29:56.021Z] Node Version:  v20.12.0
[debug] [2024-09-07T12:29:56.158Z] Time:          Sat Sep 07 2024 17:59:56 GMT+0530 (India Standard Time)
[debug] [2024-09-07T12:29:56.159Z] ----------------------------------------------------------------------
[debug] 
[debug] [2024-09-07T12:29:56.569Z] >>> [apiv2][query] GET https://firebase-public.firebaseio.com/cli.json [none]
[debug] [2024-09-07T12:29:57.052Z] > command requires scopes: ["email","openid","https://www.googleapis.com/auth/cloudplatformprojects.readonly","https://www.googleapis.com/auth/firebase","https://www.googleapis.com/auth/cloud-platform"]
[debug] [2024-09-07T12:29:57.053Z] > authorizing via signed-in user (manavlohar414141@gmail.com)
[info] 
     ######## #### ########  ######## ########     ###     ######  ########
     ##        ##  ##     ## ##       ##     ##  ##   ##  ##       ##
     ######    ##  ########  ######   ########  #########  ######  ######
     ##        ##  ##    ##  ##       ##     ## ##     ##       ## ##
     ##       #### ##     ## ######## ########  ##     ##  ######  ########

You're about to initialize a Firebase project in this directory:

  C:\Users\Manav's PC\Desktop\Projects\Pet-Care-Center

[debug] [2024-09-07T12:30:01.960Z] <<< [apiv2][status] GET https://firebase-public.firebaseio.com/cli.json 200
[debug] [2024-09-07T12:30:01.961Z] <<< [apiv2][body] GET https://firebase-public.firebaseio.com/cli.json {"cloudBuildErrorAfter":1594252800000,"cloudBuildWarnAfter":1590019200000,"defaultNode10After":1594252800000,"minVersion":"3.0.5","node8DeploysDisabledAfter":1613390400000,"node8RuntimeDisabledAfter":1615809600000,"node8WarnAfter":1600128000000}
[info] 
=== Project Setup
[info] 
[info] First, let's associate this project directory with a Firebase project.
[info] You can create multiple project aliases by running firebase use --add, 
[info] but for now we'll just set up a default project.
[info] 
